<?xml version="1.0" encoding="UTF-8"?>
<!-- Generated by org.testng.reporters.JUnitXMLReporter -->
<testsuite ignored="0" hostname="Admin-PC" failures="0" tests="1" name="Test" time="54.566" errors="0" timestamp="2022-05-31T12:07:11 IST">
  <testcase classname="test.UserEmailPassword" name="@BeforeMethod beforeMethod" time="0.102">
    <failure type="java.lang.IllegalArgumentException" message="Driver must be set">
      <![CDATA[java.lang.IllegalArgumentException: Driver must be set
at org.openqa.selenium.internal.Require.nonNull(Require.java:59)
at org.openqa.selenium.interactions.Actions.<init>(Actions.java:68)
at pom.LoginPage.<init>(LoginPage.java:11)
at test.UserEmailPassword.beforeMethod(UserEmailPassword.java:33)
at java.base/java.util.ArrayList.forEach(ArrayList.java:1511)
... Removed 31 stack frames]]>
    </failure>
  </testcase> <!-- @BeforeMethod beforeMethod -->
  <testcase classname="test.UserEmailPassword" name="@AfterMethod afterMethod" time="-1.653979031607E9">
    <skipped/>
  </testcase> <!-- @AfterMethod afterMethod -->
  <testcase classname="test.UserEmailPassword" name="@AfterClass afterClass" time="-1.653979031643E9">
    <skipped/>
  </testcase> <!-- @AfterClass afterClass -->
  <testcase classname="test.UserEmailPassword" name="f" time="0.0">
    <skipped/>
  </testcase> <!-- f -->
</testsuite> <!-- Test -->
